Traceback (most recent call last):
  File "C:\Users\savan\AppData\Roaming\Python\Python311\site-packages\jupyter_cache\executors\utils.py", line 58, in single_nb_execution
    executenb(
  File "C:\Users\savan\AppData\Roaming\Python\Python311\site-packages\nbclient\client.py", line 1305, in execute
    return NotebookClient(nb=nb, resources=resources, km=km, **kwargs).execute()
           ^^^^^^^^^^^^^^^^^^^^^^^^^^^^^^^^^^^^^^^^^^^^^^^^^^^^^^^^^^^^^^^^^^^^^
  File "C:\Users\savan\AppData\Roaming\Python\Python311\site-packages\jupyter_core\utils\__init__.py", line 166, in wrapped
    return loop.run_until_complete(inner)
           ^^^^^^^^^^^^^^^^^^^^^^^^^^^^^^
  File "C:\Program Files\Python311\Lib\asyncio\base_events.py", line 653, in run_until_complete
    return future.result()
           ^^^^^^^^^^^^^^^
  File "C:\Users\savan\AppData\Roaming\Python\Python311\site-packages\nbclient\client.py", line 705, in async_execute
    await self.async_execute_cell(
  File "C:\Users\savan\AppData\Roaming\Python\Python311\site-packages\nbclient\client.py", line 1058, in async_execute_cell
    await self._check_raise_for_error(cell, cell_index, exec_reply)
  File "C:\Users\savan\AppData\Roaming\Python\Python311\site-packages\nbclient\client.py", line 914, in _check_raise_for_error
    raise CellExecutionError.from_cell_and_msg(cell, exec_reply_content)
nbclient.exceptions.CellExecutionError: An error occurred while executing the following cell:
------------------
import pandas as pd
from IPython.display import Markdown, display

# Load the Excel file
excel_file = 'Power sector table.xlsx'

# Load the specified sheet
sheet_name = 'Sheet1'
data_range = 'C6:R33'

# Read data from Excel
df = pd.read_excel(excel_file, sheet_name=sheet_name, header=None, usecols="C:R", skiprows=5, nrows=27)

#for merged cells aka multi-index: https://pandas.pydata.org/pandas-docs/stable/user_guide/style.html
# Assign column names
df.columns = ['Technology', 'Installed Capacity (GW) - 2020', 'Installed Capacity (GW) - 2021', 
              'Installed Capacity (GW) - 2022', 'Source', 'Efficiency (%)', 'Source', 'Variable Cost (R/GJ)',
              'Variable Cost (R/kW)','Source', 'Fixed Cost (%) - 2020','Fixed Cost (%) - 2025',
              'Source', 'Annual Availability (%) - 2030', 'Annual Availability (%) - 2035','Source']

# Set 'C' column as the index
df.set_index('Technology', inplace=True)

# Drop columns titled 'Source'
df = df.drop(columns=['Source'])

# Define the clickable source link
source_link_text = '[PCC (2022). South Africa’s Just Energy Transition Investment Plan 2023-2027.]'
source_link_url = 'https://pccommissionflo.imgix.net/uploads/images/South-Africas-Just-Energy-Transition-Investment-Plan-JET-IP-2023-2027-FINAL.pdf'

# Remove empty rows
#df = df.dropna()

# Define CSS styles for the table
table_styles = [
    dict(selector="th", props=[("font-size", "14px"), ("text-align", "left"), ("background-color", "#f2f2f2"), ("padding", "8px")]),
    dict(selector="td", props=[("font-size", "14px"), ("text-align", "left"), ("padding", "8px")]),
    dict(selector="tr:hover", props=[("background-color", "#f5f5f5")]),
]

# Apply CSS styles to the HTML table
styled_table = df.style.set_table_styles(table_styles)

# Define caption with clickable source link
table_caption = f"\n\n**Data Source:** {source_link_text} - [Click me]({source_link_url})"

# Display table header
display(Markdown(table_header))

# Display the styled table with the caption
display(styled_table)

# Display the table caption
display(Markdown(table_caption))

------------------


[1;31m---------------------------------------------------------------------------[0m
[1;31mNameError[0m                                 Traceback (most recent call last)
Cell [1;32mIn[1], line 48[0m
[0;32m     45[0m table_caption [38;5;241m=[39m [38;5;124mf[39m[38;5;124m"[39m[38;5;130;01m\n[39;00m[38;5;130;01m\n[39;00m[38;5;124m**Data Source:** [39m[38;5;132;01m{[39;00msource_link_text[38;5;132;01m}[39;00m[38;5;124m - [Click me]([39m[38;5;132;01m{[39;00msource_link_url[38;5;132;01m}[39;00m[38;5;124m)[39m[38;5;124m"[39m
[0;32m     47[0m [38;5;66;03m# Display table header[39;00m
[1;32m---> 48[0m display(Markdown([43mtable_header[49m))
[0;32m     50[0m [38;5;66;03m# Display the styled table with the caption[39;00m
[0;32m     51[0m display(styled_table)

[1;31mNameError[0m: name 'table_header' is not defined

